#
# A fatal error has been detected by the Java Runtime Environment:
#
#  Internal Error (javaClasses.cpp:129), pid=15168, tid=9120
#  fatal error: Invalid layout of preloaded class
#
# JRE version: 7.0_07-b11
# Java VM: Java HotSpot(TM) 64-Bit Server VM (23.3-b01 mixed mode windows-amd64 compressed oops)
# Failed to write core dump. Minidumps are not enabled by default on client versions of Windows
#
# If you would like to submit a bug report, please visit:
#   http://bugreport.sun.com/bugreport/crash.jsp
#

---------------  T H R E A D  ---------------

Current thread (0x0000000002b5e000):  JavaThread "Unknown thread" [_thread_in_vm, id=9120, stack(0x0000000002be0000,0x0000000002ce0000)]

Stack: [0x0000000002be0000,0x0000000002ce0000]

---------------  P R O C E S S  ---------------

Java Threads: ( => current thread )

Other Threads:

=>0x0000000002b5e000 (exited) JavaThread "Unknown thread" [_thread_in_vm, id=9120, stack(0x0000000002be0000,0x0000000002ce0000)]

VM state:not at safepoint (not fully initialized)

VM Mutex/Monitor currently owned by a thread: None

GC Heap History (0 events):
No events

Deoptimization events (0 events):
No events

Internal exceptions (0 events):
No events

Events (10 events):
Event: 0.007 loading class 0x0000000002d28870 done
Event: 0.007 loading class 0x0000000002cf0690 done
Event: 0.007 loading class 0x0000000002cf0a50
Event: 0.008 loading class 0x0000000002d2fa00
Event: 0.008 loading class 0x0000000002d2fa00 done
Event: 0.008 loading class 0x0000000002d2fcc0
Event: 0.008 loading class 0x0000000002d2fcc0 done
Event: 0.008 loading class 0x000000000bc4ead0
Event: 0.008 loading class 0x000000000bc4ead0 done
Event: 0.008 loading class 0x0000000002cf0a50 done


Dynamic libraries:
0x000007f6e0630000 - 0x000007f6e0664000 	C:\Program Files\Java\jre7\bin\javaw.exe
0x000007fa37ae0000 - 0x000007fa37ca0000 	C:\WINDOWS\SYSTEM32\ntdll.dll
0x000007fa36670000 - 0x000007fa367a6000 	C:\WINDOWS\system32\KERNEL32.DLL
0x000007fa34d00000 - 0x000007fa34df3000 	C:\WINDOWS\system32\KERNELBASE.dll
0x000007fa35120000 - 0x000007fa351fe000 	C:\WINDOWS\system32\ADVAPI32.dll
0x000007fa36e90000 - 0x000007fa36fdc000 	C:\WINDOWS\system32\USER32.dll
0x000007fa31a00000 - 0x000007fa31c6a000 	C:\WINDOWS\WinSxS\amd64_microsoft.windows.common-controls_6595b64144ccf1df_6.0.9200.16579_none_418ab7ef718b27ef\COMCTL32.dll
0x000007fa367b0000 - 0x000007fa36855000 	C:\WINDOWS\system32\msvcrt.dll
0x000007fa36fe0000 - 0x000007fa37028000 	C:\WINDOWS\SYSTEM32\sechost.dll
0x000007fa37480000 - 0x000007fa375c5000 	C:\WINDOWS\system32\RPCRT4.dll
0x000007fa34eb0000 - 0x000007fa34ff1000 	C:\WINDOWS\system32\GDI32.dll
0x000007fa37030000 - 0x000007fa37069000 	C:\WINDOWS\system32\IMM32.DLL
0x000007fa35000000 - 0x000007fa35115000 	C:\WINDOWS\system32\MSCTF.dll
0x000007fa34920000 - 0x000007fa34960000 	C:\Windows\system32\nvinitx.dll
0x000000000f000000 - 0x000000000f006000 	C:\Program Files\NVIDIA Corporation\CoProcManager\detoured.dll
0x000007fa31fe0000 - 0x000007fa32036000 	C:\Program Files\NVIDIA Corporation\CoProcManager\nvd3d9wrapx.dll
0x000007fa37800000 - 0x000007fa379d0000 	C:\WINDOWS\system32\SETUPAPI.dll
0x000007fa34ad0000 - 0x000007fa34b1f000 	C:\WINDOWS\system32\CFGMGR32.dll
0x000007fa34aa0000 - 0x000007fa34ac2000 	C:\WINDOWS\system32\DEVOBJ.dll
0x000007fa31fa0000 - 0x000007fa31fdd000 	C:\Program Files\NVIDIA Corporation\CoProcManager\nvdxgiwrapx.dll
0x0000000057240000 - 0x0000000057311000 	C:\Program Files\Java\jre7\bin\msvcr100.dll
0x0000000056b20000 - 0x000000005723f000 	C:\Program Files\Java\jre7\bin\server\jvm.dll
0x000007fa2cbf0000 - 0x000007fa2cbf9000 	C:\WINDOWS\SYSTEM32\WSOCK32.dll
0x000007fa31ea0000 - 0x000007fa31ec0000 	C:\WINDOWS\SYSTEM32\WINMM.dll
0x000007fa36e10000 - 0x000007fa36e17000 	C:\WINDOWS\system32\PSAPI.DLL
0x000007fa36880000 - 0x000007fa368d8000 	C:\WINDOWS\system32\WS2_32.dll
0x000007fa31e60000 - 0x000007fa31e93000 	C:\WINDOWS\SYSTEM32\WINMMBASE.dll
0x000007fa368e0000 - 0x000007fa368e9000 	C:\WINDOWS\system32\NSI.dll
0x0000000058050000 - 0x000000005805f000 	C:\Program Files\Java\jre7\bin\verify.dll
0x0000000058020000 - 0x0000000058048000 	C:\Program Files\Java\jre7\bin\java.dll
0x0000000058000000 - 0x0000000058015000 	C:\Program Files\Java\jre7\bin\zip.dll

VM Arguments:
jvm_args: -Dfile.encoding=Cp1252 -Xbootclasspath:C:\Users\Andi\Desktop\Android SDK\sdk\platforms\android-18\android.jar 
java_command: com.example.mensaunibe.api.MensaData
Launcher Type: SUN_STANDARD

Environment Variables:
CLASSPATH=.;C:\Program Files (x86)\Java\jre7\lib\ext\QTJava.zip
PATH=C:\Program Files (x86)\NVIDIA Corporation\PhysX\Common;C:\WINDOWS\system32;C:\WINDOWS;C:\WINDOWS\System32\Wbe m;C:\Program Files (x86)\Java\jdk1.7.0_07\bin\;C:\Program Files\jEdit;C:\WINDOWS\System32\Wbem;C:\WINDOWS\System32\WindowsPowerShell\v1.0\;C:\Program Files\Intel\WiFi\bin\;C:\Program Files\Common Files\Intel\WirelessCommon\;C:\Program Files (x86)\Windows Live\Shared;C:\MinGW\bin;c:\altera\12.1\quartus\bin;C:\Program Files (x86)\QuickTime\QTSystem\;C:\Program Files\Intel\WiFi\bin\;C:\Program Files\Common Files\Intel\WirelessCommon\;C:\altera\12.1\nios2eds\bin;C:\altera\12.1\nios2eds\bin\fs2\bin;C:\altera\12.1\nios2eds\bin\gnu\H-i686-mingw32\bin
USERNAME=Andi
OS=Windows_NT
PROCESSOR_IDENTIFIER=Intel64 Family 6 Model 42 Stepping 7, GenuineIntel



---------------  S Y S T E M  ---------------

OS: Windows 8 , 64 bit Build 9200 

CPU:total 4 (2 cores per cpu, 2 threads per core) family 6 model 42 stepping 7, cmov, cx8, fxsr, mmx, sse, sse2, sse3, ssse3, sse4.1, sse4.2, popcnt, avx, ht, tsc, tscinvbit

Memory: 4k page, physical 8335212k(1261568k free), swap 18820972k(7918152k free)

vm_info: Java HotSpot(TM) 64-Bit Server VM (23.3-b01) for windows-amd64 JRE (1.7.0_07-b11), built on Sep  7 2012 01:19:25 by "java_re" with unknown MS VC++:1600

time: Sun Oct 13 20:52:59 2013
elapsed time: 0 seconds

